app/build/outputs/logs/manifest-merger-debug-report.txt
-- Merging decision tree log ---
manifest
ADDED from src\main\AndroidManifest.xml:2:1-113:12
	package
		ADDED from src\main\AndroidManifest.xml:3:5-33
		INJECTED from src\main\AndroidManifest.xml
		INJECTED from src\main\AndroidManifest.xml
	android:versionName
		ADDED from src\main\AndroidManifest.xml:5:5-30
	android:versionCode
		ADDED from src\main\AndroidManifest.xml:4:5-28
		INJECTED from src\main\AndroidManifest.xml
		INJECTED from src\main\AndroidManifest.xml
	xmlns:android
		ADDED from src\main\AndroidManifest.xml:2:11-69
uses-sdk
ADDED from src\main\AndroidManifest.xml:7:5-9:41
MERGED from [com.facebook.android:facebook-android-sdk:3.21.1] AndroidManifest.xml:20:5-22:41
	android:targetSdkVersion
		ADDED from src\main\AndroidManifest.xml:9:9-38
		INJECTED from src\main\AndroidManifest.xml
		INJECTED from src\main\AndroidManifest.xml
	android:minSdkVersion
		ADDED from src\main\AndroidManifest.xml:8:9-34
		INJECTED from src\main\AndroidManifest.xml
		INJECTED from src\main\AndroidManifest.xml
uses-permission#android.permission.INTERNET
ADDED from src\main\AndroidManifest.xml:11:5-67
	android:name
		ADDED from src\main\AndroidManifest.xml:11:22-64
uses-permission#android.permission.WRITE_EXTERNAL_STORAGE
ADDED from src\main\AndroidManifest.xml:12:5-81
	android:name
		ADDED from src\main\AndroidManifest.xml:12:22-78
uses-permission#android.permission.READ_EXTERNAL_STORAGE
ADDED from src\main\AndroidManifest.xml:13:5-80
	android:name
		ADDED from src\main\AndroidManifest.xml:13:22-77
uses-permission#android.permission.ACCESS_NETWORK_STATE
ADDED from src\main\AndroidManifest.xml:14:5-79
	android:name
		ADDED from src\main\AndroidManifest.xml:14:22-76
supports-screens
ADDED from src\main\AndroidManifest.xml:16:5-20:39
	android:largeScreens
		ADDED from src\main\AndroidManifest.xml:18:9-36
	android:smallScreens
		ADDED from src\main\AndroidManifest.xml:20:9-36
	android:normalScreens
		ADDED from src\main\AndroidManifest.xml:19:9-37
	android:anyDensity
		ADDED from src\main\AndroidManifest.xml:17:9-34
application
ADDED from src\main\AndroidManifest.xml:22:5-111:19
MERGED from [com.facebook.android:facebook-android-sdk:3.21.1] AndroidManifest.xml:24:5-20
	android:label
		ADDED from src\main\AndroidManifest.xml:26:9-41
	android:allowBackup
		ADDED from src\main\AndroidManifest.xml:24:9-35
	android:icon
		ADDED from src\main\AndroidManifest.xml:25:9-38
	android:theme
		ADDED from src\main\AndroidManifest.xml:27:9-40
	android:name
		ADDED from src\main\AndroidManifest.xml:23:9-59
activity#com.yoruba.talomoo.MainActivity
ADDED from src\main\AndroidManifest.xml:29:9-34:20
	android:screenOrientation
		ADDED from src\main\AndroidManifest.xml:31:13-49
	android:label
		ADDED from src\main\AndroidManifest.xml:33:13-45
	android:configChanges
		ADDED from src\main\AndroidManifest.xml:32:13-59
	android:name
		ADDED from src\main\AndroidManifest.xml:30:13-59
activity#com.yoruba.talomoo.FirstRun
ADDED from src\main\AndroidManifest.xml:36:9-44:20
	android:noHistory
		ADDED from src\main\AndroidManifest.xml:38:13-37
	android:configChanges
		ADDED from src\main\AndroidManifest.xml:39:13-59
	android:name
		ADDED from src\main\AndroidManifest.xml:37:13-55
intent-filter#android.intent.action.MAIN+android.intent.category.LAUNCHER
ADDED from src\main\AndroidManifest.xml:40:13-43:29
action#android.intent.action.MAIN
ADDED from src\main\AndroidManifest.xml:41:17-69
	android:name
		ADDED from src\main\AndroidManifest.xml:41:25-66
category#android.intent.category.LAUNCHER
ADDED from src\main\AndroidManifest.xml:42:17-77
	android:name
		ADDED from src\main\AndroidManifest.xml:42:27-74
activity#com.yoruba.talomoo.SignUpAndLogin
ADDED from src\main\AndroidManifest.xml:45:9-53:20
	android:label
		ADDED from src\main\AndroidManifest.xml:48:13-69
	android:parentActivityName
		ADDED from src\main\AndroidManifest.xml:49:13-73
	android:configChanges
		ADDED from src\main\AndroidManifest.xml:47:13-59
	android:name
		ADDED from src\main\AndroidManifest.xml:46:13-61
meta-data#android.support.PARENT_ACTIVITY
ADDED from src\main\AndroidManifest.xml:50:13-52:67
	android:value
		ADDED from src\main\AndroidManifest.xml:52:17-64
	android:name
		ADDED from src\main\AndroidManifest.xml:51:17-63
activity#com.yoruba.talomoo.QuestionSelection
ADDED from src\main\AndroidManifest.xml:54:9-61:20
	android:parentActivityName
		ADDED from src\main\AndroidManifest.xml:57:13-77
	android:configChanges
		ADDED from src\main\AndroidManifest.xml:56:13-59
	android:name
		ADDED from src\main\AndroidManifest.xml:55:13-64
activity#com.yoruba.talomoo.CategoryActivity
ADDED from src\main\AndroidManifest.xml:62:9-69:20
	android:label
		ADDED from src\main\AndroidManifest.xml:65:13-56
	android:configChanges
		ADDED from src\main\AndroidManifest.xml:64:13-59
	android:theme
		ADDED from src\main\AndroidManifest.xml:66:13-47
	android:name
		ADDED from src\main\AndroidManifest.xml:63:13-63
meta-data#com.facebook.sdk.ApplicationId
ADDED from src\main\AndroidManifest.xml:71:9-73:46
	android:value
		ADDED from src\main\AndroidManifest.xml:73:13-43
	android:name
		ADDED from src\main\AndroidManifest.xml:72:13-58
activity#com.facebook.LoginActivity
ADDED from src\main\AndroidManifest.xml:75:9-79:20
	android:label
		ADDED from src\main\AndroidManifest.xml:78:13-66
	android:configChanges
		ADDED from src\main\AndroidManifest.xml:77:13-59
	android:name
		ADDED from src\main\AndroidManifest.xml:76:13-54
activity#com.yoruba.talomoo.SettingsActivity
ADDED from src\main\AndroidManifest.xml:80:9-88:20
	android:label
		ADDED from src\main\AndroidManifest.xml:83:13-52
	android:parentActivityName
		ADDED from src\main\AndroidManifest.xml:84:13-55
	android:configChanges
		ADDED from src\main\AndroidManifest.xml:82:13-43
	android:name
		ADDED from src\main\AndroidManifest.xml:81:13-63
provider#com.yoruba.talomoo.AppContentProvider
ADDED from src\main\AndroidManifest.xml:90:9-94:43
	android:authorities
		ADDED from src\main\AndroidManifest.xml:92:13-72
	android:multiprocess
		ADDED from src\main\AndroidManifest.xml:94:13-40
	android:exported
		ADDED from src\main\AndroidManifest.xml:93:13-37
	android:name
		ADDED from src\main\AndroidManifest.xml:91:13-65
activity#com.yoruba.talomoo.QuestionsActivity
ADDED from src\main\AndroidManifest.xml:96:9-105:20
	android:screenOrientation
		ADDED from src\main\AndroidManifest.xml:99:13-49
	android:label
		ADDED from src\main\AndroidManifest.xml:100:13-61
	android:parentActivityName
		ADDED from src\main\AndroidManifest.xml:101:13-78
	android:configChanges
		ADDED from src\main\AndroidManifest.xml:98:13-59
	android:name
		ADDED from src\main\AndroidManifest.xml:97:13-64
activity#com.yoruba.talomoo.Login
ADDED from src\main\AndroidManifest.xml:106:9-110:20
	android:label
		ADDED from src\main\AndroidManifest.xml:109:13-57
	android:configChanges
		ADDED from src\main\AndroidManifest.xml:108:13-59
	android:name
		ADDED from src\main\AndroidManifest.xml:107:13-52